c:\users\kosmo\source\repos\cpplb2\cpplb2\debug\cpplb2.pch
c:\users\kosmo\source\repos\cpplb2\cpplb2\debug\vc141.pdb
c:\users\kosmo\source\repos\cpplb2\cpplb2\debug\vc141.idb
c:\users\kosmo\source\repos\cpplb2\cpplb2\debug\stdafx.obj
c:\users\kosmo\source\repos\cpplb2\cpplb2\debug\class.obj
c:\users\kosmo\source\repos\cpplb2\cpplb2\debug\concretemethod.obj
c:\users\kosmo\source\repos\cpplb2\cpplb2\debug\container.obj
c:\users\kosmo\source\repos\cpplb2\cpplb2\debug\cpplb2.obj
c:\users\kosmo\source\repos\cpplb2\cpplb2\debug\field.obj
c:\users\kosmo\source\repos\cpplb2\cpplb2\debug\method.obj
c:\users\kosmo\source\repos\cpplb2\cpplb2\debug\namespace.obj
c:\users\kosmo\source\repos\cpplb2\cpplb2\debug\simpleobject.obj
c:\users\kosmo\source\repos\cpplb2\debug\cpplb2.ilk
c:\users\kosmo\source\repos\cpplb2\debug\cpplb2.exe
c:\users\kosmo\source\repos\cpplb2\debug\cpplb2.pdb
c:\users\kosmo\source\repos\cpplb2\cpplb2\debug\cpplb2.tlog\cl.command.1.tlog
c:\users\kosmo\source\repos\cpplb2\cpplb2\debug\cpplb2.tlog\cl.read.1.tlog
c:\users\kosmo\source\repos\cpplb2\cpplb2\debug\cpplb2.tlog\cl.write.1.tlog
c:\users\kosmo\source\repos\cpplb2\cpplb2\debug\cpplb2.tlog\link.command.1.tlog
c:\users\kosmo\source\repos\cpplb2\cpplb2\debug\cpplb2.tlog\link.read.1.tlog
c:\users\kosmo\source\repos\cpplb2\cpplb2\debug\cpplb2.tlog\link.write.1.tlog
